# JRE version: Java(TM) SE Runtime Environment (7.0_71-b14) (build 1.7.0_71-b14)
# Java VM: Java HotSpot(TM) 64-Bit Server VM (24.71-b01 mixed mode bsd-amd64 compressed oops)
Heap
 PSYoungGen      total 37376K, used 6318K [0x00000007d5500000, 0x00000007da300000, 0x0000000800000000)
  eden space 33280K, 8% used [0x00000007d5500000,0x00000007d57a92c0,0x00000007d7580000)
  from space 4096K, 87% used [0x00000007d9f00000,0x00000007da282608,0x00000007da300000)
  to   space 7680K, 0% used [0x00000007d9400000,0x00000007d9400000,0x00000007d9b80000)
 ParOldGen       total 87040K, used 20363K [0x0000000780000000, 0x0000000785500000, 0x00000007d5500000)
  object space 87040K, 23% used [0x0000000780000000,0x00000007813e2c98,0x0000000785500000)
 PSPermGen       total 21504K, used 7668K [0x000000077ae00000, 0x000000077c300000, 0x0000000780000000)
  object space 21504K, 35% used [0x000000077ae00000,0x000000077b57d1c0,0x000000077c300000)
GC Heap History (10 events):
Event: 62.240 GC heap before
{Heap before GC invocations=2 (full 0):
 PSYoungGen      total 38912K, used 37070K [0x00000007d5500000, 0x00000007d8000000, 0x0000000800000000)
  eden space 33792K, 94% used [0x00000007d5500000,0x00000007d7436e20,0x00000007d7600000)
  from space 5120K, 99% used [0x00000007d7600000,0x00000007d7afcd50,0x00000007d7b00000)
  to   space 5120K, 0% used [0x00000007d7b00000,0x00000007d7b00000,0x00000007d8000000)
 ParOldGen       total 87040K, used 2257K [0x0000000780000000, 0x0000000785500000, 0x00000007d5500000)
  object space 87040K, 2% used [0x0000000780000000,0x00000007802346a0,0x0000000785500000)
 PSPermGen       total 21504K, used 7647K [0x000000077ae00000, 0x000000077c300000, 0x0000000780000000)
  object space 21504K, 35% used [0x000000077ae00000,0x000000077b577d80,0x000000077c300000)
Event: 62.247 GC heap after
Heap after GC invocations=2 (full 0):
 PSYoungGen      total 38912K, used 4922K [0x00000007d5500000, 0x00000007da100000, 0x0000000800000000)
  eden space 33792K, 0% used [0x00000007d5500000,0x00000007d5500000,0x00000007d7600000)
  from space 5120K, 96% used [0x00000007d7b00000,0x00000007d7fce8d0,0x00000007d8000000)
  to   space 5120K, 0% used [0x00000007d7600000,0x00000007d7600000,0x00000007d7b00000)
 ParOldGen       total 87040K, used 4286K [0x0000000780000000, 0x0000000785500000, 0x00000007d5500000)
  object space 87040K, 4% used [0x0000000780000000,0x000000078042faf8,0x0000000785500000)
 PSPermGen       total 21504K, used 7647K [0x000000077ae00000, 0x000000077c300000, 0x0000000780000000)
  object space 21504K, 35% used [0x000000077ae00000,0x000000077b577d80,0x000000077c300000)
}
Event: 63.156 GC heap before
{Heap before GC invocations=3 (full 0):
 PSYoungGen      total 38912K, used 37981K [0x00000007d5500000, 0x00000007da100000, 0x0000000800000000)
  eden space 33792K, 97% used [0x00000007d5500000,0x00000007d7548d58,0x00000007d7600000)
  from space 5120K, 96% used [0x00000007d7b00000,0x00000007d7fce8d0,0x00000007d8000000)
  to   space 5120K, 0% used [0x00000007d7600000,0x00000007d7600000,0x00000007d7b00000)
 ParOldGen       total 87040K, used 4286K [0x0000000780000000, 0x0000000785500000, 0x00000007d5500000)
  object space 87040K, 4% used [0x0000000780000000,0x000000078042faf8,0x0000000785500000)
 PSPermGen       total 21504K, used 7653K [0x000000077ae00000, 0x000000077c300000, 0x0000000780000000)
  object space 21504K, 35% used [0x000000077ae00000,0x000000077b5797e8,0x000000077c300000)
Event: 63.161 GC heap after
Heap after GC invocations=3 (full 0):
 PSYoungGen      total 38912K, used 3462K [0x00000007d5500000, 0x00000007d8000000, 0x0000000800000000)
  eden space 33792K, 0% used [0x00000007d5500000,0x00000007d5500000,0x00000007d7600000)
  from space 5120K, 67% used [0x00000007d7600000,0x00000007d7961890,0x00000007d7b00000)
  to   space 5120K, 0% used [0x00000007d7b00000,0x00000007d7b00000,0x00000007d8000000)
 ParOldGen       total 87040K, used 9482K [0x0000000780000000, 0x0000000785500000, 0x00000007d5500000)
  object space 87040K, 10% used [0x0000000780000000,0x0000000780942bd8,0x0000000785500000)
 PSPermGen       total 21504K, used 7653K [0x000000077ae00000, 0x000000077c300000, 0x0000000780000000)
  object space 21504K, 35% used [0x000000077ae00000,0x000000077b5797e8,0x000000077c300000)
}
Event: 64.341 GC heap before
{Heap before GC invocations=4 (full 0):
 PSYoungGen      total 38912K, used 34772K [0x00000007d5500000, 0x00000007d8000000, 0x0000000800000000)
  eden space 33792K, 92% used [0x00000007d5500000,0x00000007d7393b10,0x00000007d7600000)
  from space 5120K, 67% used [0x00000007d7600000,0x00000007d7961890,0x00000007d7b00000)
  to   space 5120K, 0% used [0x00000007d7b00000,0x00000007d7b00000,0x00000007d8000000)
 ParOldGen       total 87040K, used 9482K [0x0000000780000000, 0x0000000785500000, 0x00000007d5500000)
  object space 87040K, 10% used [0x0000000780000000,0x0000000780942bd8,0x0000000785500000)
 PSPermGen       total 21504K, used 7655K [0x000000077ae00000, 0x000000077c300000, 0x0000000780000000)
  object space 21504K, 35% used [0x000000077ae00000,0x000000077b579d70,0x000000077c300000)
Event: 64.347 GC heap after
Heap after GC invocations=4 (full 0):
 PSYoungGen      total 38912K, used 3633K [0x00000007d5500000, 0x00000007d8000000, 0x0000000800000000)
  eden space 33792K, 0% used [0x00000007d5500000,0x00000007d5500000,0x00000007d7600000)
  from space 5120K, 70% used [0x00000007d7b00000,0x00000007d7e8c4e0,0x00000007d8000000)
  to   space 5120K, 0% used [0x00000007d7600000,0x00000007d7600000,0x00000007d7b00000)
 ParOldGen       total 87040K, used 14965K [0x0000000780000000, 0x0000000785500000, 0x00000007d5500000)
  object space 87040K, 17% used [0x0000000780000000,0x0000000780e9d598,0x0000000785500000)
 PSPermGen       total 21504K, used 7655K [0x000000077ae00000, 0x000000077c300000, 0x0000000780000000)
  object space 21504K, 35% used [0x000000077ae00000,0x000000077b579d70,0x000000077c300000)
}
Event: 64.638 GC heap before
{Heap before GC invocations=5 (full 0):
 PSYoungGen      total 38912K, used 34933K [0x00000007d5500000, 0x00000007d8000000, 0x0000000800000000)
  eden space 33792K, 92% used [0x00000007d5500000,0x00000007d7390f88,0x00000007d7600000)
  from space 5120K, 70% used [0x00000007d7b00000,0x00000007d7e8c4e0,0x00000007d8000000)
  to   space 5120K, 0% used [0x00000007d7600000,0x00000007d7600000,0x00000007d7b00000)
 ParOldGen       total 87040K, used 14965K [0x0000000780000000, 0x0000000785500000, 0x00000007d5500000)
  object space 87040K, 17% used [0x0000000780000000,0x0000000780e9d598,0x0000000785500000)
 PSPermGen       total 21504K, used 7658K [0x000000077ae00000, 0x000000077c300000, 0x0000000780000000)
  object space 21504K, 35% used [0x000000077ae00000,0x000000077b57a918,0x000000077c300000)
Event: 64.644 GC heap after
Heap after GC invocations=5 (full 0):
 PSYoungGen      total 38912K, used 3554K [0x00000007d5500000, 0x00000007da700000, 0x0000000800000000)
  eden space 33792K, 0% used [0x00000007d5500000,0x00000007d5500000,0x00000007d7600000)
  from space 5120K, 69% used [0x00000007d7600000,0x00000007d7978ba0,0x00000007d7b00000)
  to   space 8192K, 0% used [0x00000007d9f00000,0x00000007d9f00000,0x00000007da700000)
 ParOldGen       total 87040K, used 20355K [0x0000000780000000, 0x0000000785500000, 0x00000007d5500000)
  object space 87040K, 23% used [0x0000000780000000,0x00000007813e0c98,0x0000000785500000)
 PSPermGen       total 21504K, used 7658K [0x000000077ae00000, 0x000000077c300000, 0x0000000780000000)
  object space 21504K, 35% used [0x000000077ae00000,0x000000077b57a918,0x000000077c300000)
}
Event: 804.775 GC heap before
{Heap before GC invocations=6 (full 0):
 PSYoungGen      total 38912K, used 35011K [0x00000007d5500000, 0x00000007da700000, 0x0000000800000000)
  eden space 33792K, 93% used [0x00000007d5500000,0x00000007d73b8318,0x00000007d7600000)
  from space 5120K, 69% used [0x00000007d7600000,0x00000007d7978ba0,0x00000007d7b00000)
  to   space 8192K, 0% used [0x00000007d9f00000,0x00000007d9f00000,0x00000007da700000)
 ParOldGen       total 87040K, used 20355K [0x0000000780000000, 0x0000000785500000, 0x00000007d5500000)
  object space 87040K, 23% used [0x0000000780000000,0x00000007813e0c98,0x0000000785500000)
 PSPermGen       total 21504K, used 7668K [0x000000077ae00000, 0x000000077c300000, 0x0000000780000000)
  object space 21504K, 35% used [0x000000077ae00000,0x000000077b57d1c0,0x000000077c300000)
Event: 804.824 GC heap after
Heap after GC invocations=6 (full 0):
 PSYoungGen      total 37376K, used 3593K [0x00000007d5500000, 0x00000007da300000, 0x0000000800000000)
  eden space 33280K, 0% used [0x00000007d5500000,0x00000007d5500000,0x00000007d7580000)
  from space 4096K, 87% used [0x00000007d9f00000,0x00000007da282608,0x00000007da300000)
  to   space 7680K, 0% used [0x00000007d9400000,0x00000007d9400000,0x00000007d9b80000)
 ParOldGen       total 87040K, used 20363K [0x0000000780000000, 0x0000000785500000, 0x00000007d5500000)
  object space 87040K, 23% used [0x0000000780000000,0x00000007813e2c98,0x0000000785500000)
 PSPermGen       total 21504K, used 7668K [0x000000077ae00000, 0x000000077c300000, 0x0000000780000000)
  object space 21504K, 35% used [0x000000077ae00000,0x000000077b57d1c0,0x000000077c300000)
}

